<?xml version="1.0" encoding="UTF-8"?>
<!-- Generated by org.testng.reporters.JUnitReportReporter -->
<testsuite hostname="DESKTOP-5O0L57N" failures="0" tests="2" name="first_Project_Maven.Depends_method" time="0.004" errors="0" timestamp="2023-03-27T13:35:52 IST" skipped="0">
  <testcase classname="first_Project_Maven.Depends_method" name="test1" time="0.002"/>
  <system-out>
    <![CDATA[this is the login page]]>
  </system-out>
  <testcase classname="first_Project_Maven.Depends_method" name="test2" time="0.002"/>
  <system-out/>
</testsuite> <!-- first_Project_Maven.Depends_method -->
