<?xml version="1.0" encoding="UTF-8"?>
<!-- Generated by org.testng.reporters.JUnitReportReporter -->
<testsuite hostname="DESKTOP-5O0L57N" failures="0" tests="3" name="first_Project_Maven.GoogleTest" time="20.207" errors="0" timestamp="2023-03-27T13:35:52 IST" skipped="0">
  <testcase classname="first_Project_Maven.GoogleTest" name="Logotest" time="5.516"/>
  <system-out/>
  <testcase classname="first_Project_Maven.GoogleTest" name="Click" time="10.867"/>
  <system-out/>
  <testcase classname="first_Project_Maven.GoogleTest" name="getTitleTest" time="3.824"/>
  <system-out/>
</testsuite> <!-- first_Project_Maven.GoogleTest -->
