<?xml version="1.0" encoding="UTF-8"?>
<!-- Generated by org.testng.reporters.JUnitReportReporter -->
<testsuite hostname="DESKTOP-5O0L57N" failures="0" tests="20" name="first_Project_Maven.Invocation_Test" time="28.187" errors="0" timestamp="2023-03-27T13:35:52 IST" skipped="0">
  <testcase classname="first_Project_Maven.Invocation_Test" name="OpenGoogle" time="2.048"/>
  <system-out/>
  <testcase classname="first_Project_Maven.Invocation_Test" name="OpenGoogle" time="2.465"/>
  <system-out/>
  <testcase classname="first_Project_Maven.Invocation_Test" name="OpenGoogle" time="3.848"/>
  <system-out/>
  <testcase classname="first_Project_Maven.Invocation_Test" name="OpenGoogle" time="3.968"/>
  <system-out/>
  <testcase classname="first_Project_Maven.Invocation_Test" name="OpenGoogle" time="2.399"/>
  <system-out/>
  <testcase classname="first_Project_Maven.Invocation_Test" name="OpenGoogle" time="3.153"/>
  <system-out/>
  <testcase classname="first_Project_Maven.Invocation_Test" name="OpenGoogle" time="3.096"/>
  <system-out/>
  <testcase classname="first_Project_Maven.Invocation_Test" name="OpenGoogle" time="2.750"/>
  <system-out/>
  <testcase classname="first_Project_Maven.Invocation_Test" name="OpenGoogle" time="2.236"/>
  <system-out/>
  <testcase classname="first_Project_Maven.Invocation_Test" name="OpenGoogle" time="2.214"/>
  <system-out/>
  <testcase classname="first_Project_Maven.Invocation_Test" name="sum" time="0.000"/>
  <system-out/>
  <testcase classname="first_Project_Maven.Invocation_Test" name="sum" time="0.002"/>
  <system-out/>
  <testcase classname="first_Project_Maven.Invocation_Test" name="sum" time="0.001"/>
  <system-out/>
  <testcase classname="first_Project_Maven.Invocation_Test" name="sum" time="0.001"/>
  <system-out/>
  <testcase classname="first_Project_Maven.Invocation_Test" name="sum" time="0.001"/>
  <system-out/>
  <testcase classname="first_Project_Maven.Invocation_Test" name="sum" time="0.001"/>
  <system-out/>
  <testcase classname="first_Project_Maven.Invocation_Test" name="sum" time="0.001"/>
  <system-out/>
  <testcase classname="first_Project_Maven.Invocation_Test" name="sum" time="0.001"/>
  <system-out/>
  <testcase classname="first_Project_Maven.Invocation_Test" name="sum" time="0.001"/>
  <system-out/>
  <testcase classname="first_Project_Maven.Invocation_Test" name="sum" time="0.001"/>
  <system-out/>
</testsuite> <!-- first_Project_Maven.Invocation_Test -->
