<?xml version="1.0" encoding="UTF-8"?>
<!-- Generated by org.testng.reporters.JUnitReportReporter -->
<testsuite hostname="DESKTOP-5O0L57N" failures="0" tests="3" name="first_Project_Maven.Priority_test" time="9.874" errors="0" timestamp="2023-03-27T13:38:43 IST" skipped="0">
  <testcase classname="first_Project_Maven.Priority_test" name="getTitleTest" time="2.279"/>
  <system-out/>
  <testcase classname="first_Project_Maven.Priority_test" name="Logotest" time="2.409"/>
  <system-out/>
  <testcase classname="first_Project_Maven.Priority_test" name="Click" time="5.186"/>
  <system-out/>
</testsuite> <!-- first_Project_Maven.Priority_test -->
